::ffff:127.0.0.1 - - [29/Dec/2023:16:38:06 +0000] "GET /api/contacts/4 HTTP/1.1" 404 44 "-" "insomnia/2023.5.8"
GET /api/contacts/4 404 44 - 8.259 ms
GET /api/contacts/44 404 45 - 1.374 ms
GET /api/contacts/44 404 45 - 1.490 ms
GET /api/contacts/44 404 45 - 0.591 ms
GET /api/contacts/44 404 45 - 0.891 ms
GET /api/contacts/447 404 46 - 1.109 ms
GET /api/contacts/447 404 46 - 0.810 ms
GET /api/contacts/447 404 46 - 0.997 ms
GET /api/contacts/447 404 46 - 1.119 ms
GET /api/contacts/447 404 46 - 1.001 ms
GET /api/contacts/447 404 46 - 0.797 ms
GET /api/contacts/447 404 46 - 0.805 ms
GET /api/contacts/447 404 46 - 1.033 ms
GET /api/contacts/447 404 46 - 0.908 ms
GET /api/contacts 500 38 - 6.613 ms
GET /api/contacts 200 1218 - 4.957 ms
GET /api/contact 404 32 - 0.789 ms
GET /api/contacts/d 404 44 - 1.678 ms
GET /api/contacts/f748221b-7241-48e1-ad76-8bd9b5afa0f4 200 112 - 1.673 ms
POST /api/contacts 201 66 - 14.635 ms
POST /api/contacts 400 31 - 12.197 ms
POST /api/contacts 201 111 - 4.226 ms
POST /api/contacts 400 31 - 2.214 ms
POST /api/contacts 400 47 - 1.192 ms
POST /api/contacts 201 115 - 2.804 ms
POST /api/contacts 201 117 - 19.545 ms
POST /api/contacts 400 31 - 1.770 ms
POST /api/contacts 201 118 - 3.590 ms
DELETE /api/contacts/ebde168d-950d-43ed-bfbc-6ceea5636752 200 31 - 1.815 ms
DELETE /api/contacts/277f7bbb-1381-4c1c-a1f3-61854eabed35 200 31 - 0.666 ms
DELETE /api/contacts/a30db98f-b147-4ab1-a47e-f6a17703cf0b 200 31 - 1.015 ms
DELETE /api/contacts/a30db98f-b147-4ab1-a47e-f6a17703cf0b 200 31 - 0.666 ms
DELETE /api/contacts/a30db98f-b147-4ab1-a47e-f6a17703cf0b 200 31 - 0.725 ms
DELETE /api/contacts/a30db98f-b147-4ab1-a47e-f6a17703cf0b 200 31 - 1.900 ms
DELETE /api/contacts/a30db98f-b147-4ab1-a47e-f6a17703cf0b 200 31 - 7.205 ms
DELETE /api/contacts/a30db98f-b147-4ab1-a47e-f6a17703cf0b 404 26 - 6.027 ms
DELETE /api/contacts/5354f6ba-11e4-4f36-8211-72a5224ed8c7 200 31 - 7.049 ms
DELETE /api/contacts/5354f6ba-11e4-4f36-8211-72a5224ed8c7 404 26 - 5.120 ms
POST /api/contacts/5354f6ba-11e4-4f36-8211-72a5224ed8c7 404 32 - 2.144 ms
POST /api/contacts/ 400 31 - 8.952 ms
POST /api/contacts/ 201 111 - 4.524 ms
POST /api/contacts/ 201 112 - 3.127 ms
POST /api/contacts/ 201 113 - 2.336 ms
POST /api/contacts/ 201 115 - 4.397 ms
DELETE /api/contacts/5bd9af91-2630-40c3-a18e-4fda8c5a0b55 200 46 - 4.523 ms
DELETE /api/contacts/5bd9af91-2630-40c3-a18e-4fda8c5a0b5 404 26 - 5.945 ms
PUT /api/contacts/835b8607-cc80-4d0e-834e-99aaf6d0548f - - - - ms
PUT /api/contacts/835b8607-cc80-4d0e-834e-99aaf6d0548f - - - - ms
GET /api/contacts 200 1557 - 4.843 ms
GET /api/contacts 200 1557 - 1.007 ms
PUT /api/contacts/AeHIrLTr6JkxGE6SN-0Rw 500 38 - 18.762 ms
PUT /api/contacts/AeHIrLTr6JkxGE6SN-0Rw 500 38 - 16.937 ms
PUT /api/contacts/AeHIrLTr6JkxGE6SN-0Rw 500 38 - 15.740 ms
PUT /api/contacts/835b8607-cc80-4d0e-834e-99aaf6d0548f 500 38 - 14.661 ms
PUT /api/contacts/835b8607-cc80-4d0e-834e-99aaf6d0548f 500 38 - 15.883 ms
PUT /api/contacts/835b8607-cc80-4d0e-834e-99aaf6d0548f 500 38 - 15.821 ms
PUT /api/contacts/835b8607-cc80-4d0e-834e-99aaf6d0548f 500 38 - 15.463 ms
PUT /api/contacts/835b8607-cc80-4d0e-834e-99aaf6d0548f 500 38 - 14.902 ms
PUT /api/contacts/835b8607-cc80-4d0e-834e-99aaf6d0548f - - - - ms
PUT /api/contacts/835b8607-cc80-4d0e-834e-99aaf6d0548f 500 38 - 14.165 ms
PUT /api/contacts/AeHIrLTr6JkxGE6SN-0Rw 200 105 - 14.600 ms
PUT /api/contacts/AeHIrLTr6JkxGE6SN-0Rw 200 105 - 2.159 ms
PUT /api/contacts/AeHIrLTr6JkxGE6SN-0Rw 200 105 - 15.613 ms
PUT /api/contacts/AeHIrLTr6JkxGE6SN-0Rw 200 105 - 15.916 ms
PUT /api/contacts/AeHIrLTr6JkxGE6SN-0Rw 200 105 - 13.710 ms
PUT /api/contacts/AeHIrLTr6JkxGE6SN-0Rw 500 38 - 13.347 ms
PUT /api/contacts/AeHIrLTr6JkxGE6SN-0Rw 200 105 - 14.268 ms
GET /api/contacts/AeHIrLTr6JkxGE6SN-0Rw 200 107 - 1.600 ms
PUT /api/contacts/AeHIrLTr6JkxGE6SN-0Rw 200 99 - 3.813 ms
PUT /api/contacts/AeHIrLTr6JkxGE6SN-0Rw 200 99 - 16.957 ms
PUT /api/contacts/AeHIrLTr6JkxGE6SN-0Rw 200 99 - 3.518 ms
PUT /api/contacts/AeHIrLTr6JkxGE6SN-0Rw 404 24 - 9.862 ms
PUT /api/contacts/AeHIrLTr6JkxGE6SN-0Rw 404 29 - 10.590 ms
PUT /api/contacts/AeHIrLTr6JkxGE6SN-0Rw 200 95 - 16.018 ms
PUT /api/contacts/AeHIrLTr6JkxGE6SN-0Rw 200 95 - 3.730 ms
PUT /api/contacts/AeHIrLTr6JkxGE6SN-0Rw 200 95 - 21.753 ms
PUT /api/contacts/AeHIrLTr6JkxGE6SN-0Rw 400 31 - 11.743 ms
PUT /api/contacts/AeHIrLTr6JkxGE6SN-0Rw 400 31 - 2.087 ms
PUT /api/contacts/AeHIrLTr6JkxGE6SN-0Rw 400 31 - 1.697 ms
PUT /api/contacts/AeHIrLTr6JkxGE6SN-0Rw 400 31 - 2.113 ms
PUT /api/contacts/AeHIrLTr6JkxGE6SN-0Rw 200 33 - 12.748 ms
PUT /api/contacts/AeHIrLTr6JkxGE6SN-0Rw 200 33 - 19.982 ms
PUT /api/contacts/AeHIrLTr6JkxGE6SN-0Rw 200 97 - 16.719 ms
PUT /api/contacts/AeHIrLTr6JkxGE6SN-0Rw 200 98 - 3.232 ms
PUT /api/contacts/835b8607-cc80-4d0e-834e-99aaf6d0548f 200 33 - 4.153 ms
PUT /api/contacts/835b8607-cc80-4d0e-834e-99aaf6d0548f 200 27 - 16.523 ms
PUT /api/contacts/835b8607-cc80-4d0e-834e-99aaf6d0548f 400 31 - 10.763 ms
PUT /api/contacts/835b8607-cc80-4d0e-834e-99aaf6d0548f 200 107 - 4.535 ms
PUT /api/contacts/835b8607-cc80-4d0e-834e-99aaf6d0548f 400 31 - 12.077 ms
PUT /api/contacts/835b8607-cc80-4d0e-834e-99aaf6d0548f 200 108 - 5.375 ms
POST /api/contacts 500 38 - 14.145 ms
POST /api/contacts 201 69 - 17.951 ms
POST /api/contacts 400 29 - 1.916 ms
POST /api/contacts 201 70 - 3.771 ms
POST /api/contacts 400 29 - 17.848 ms
POST /api/contacts 201 71 - 3.783 ms
POST /api/contacts 400 29 - 12.007 ms
POST /api/contacts 400 29 - 13.258 ms
POST /api/contacts 201 72 - 3.244 ms
POST /api/contacts 201 109 - 14.890 ms
POST /api/contacts 400 29 - 11.923 ms
POST /api/contacts 400 29 - 13.093 ms
POST /api/contacts 201 110 - 3.145 ms
POST /api/contacts 500 38 - 5.880 ms
POST /api/contacts 400 45 - 12.085 ms
POST /api/contacts 400 45 - 2.595 ms
POST /api/contacts 400 45 - 2.626 ms
POST /api/contacts 400 45 - 0.780 ms
POST /api/contacts 201 111 - 3.642 ms
DELETE /api/contacts/dc2ae412-ae4b-4f97-8c37-861281e52519 200 42 - 7.689 ms
DELETE /api/contacts/dc2ae412-ae4b-4f97-8c37-861281e52519 404 23 - 4.188 ms
DELETE /api/contacts/ 404 32 - 1.184 ms
DELETE /api/contacts/ 404 32 - 0.475 ms
PUT /api/contacts/ 404 32 - 3.909 ms
PUT /api/contacts/1 500 38 - 13.062 ms
GET /api/contacts/3fc84fbb-8475-45dd-9133-eaec2e557a8e 200 110 - 2.722 ms
GET /api/contacts/3fc84fbb-8475-45dd-9133-eaec2e557a8 404 23 - 0.789 ms
GET /api/contacts/3fc84fbb-8475-45dd-9133-eaec2e557a8 404 23 - 6.869 ms
POST /api/contacts 201 113 - 11.825 ms
POST /api/contacts 400 28 - 1.598 ms
POST /api/contacts 400 28 - 2.447 ms
PUT /api/contacts/1 404 23 - 1.956 ms
PUT /api/contacts/835b8607-cc80-4d0e-834e-99aaf6d0548f 200 113 - 5.149 ms
PUT /api/contacts/835b8607-cc80-4d0e-834e-99aaf6d0548f 200 114 - 3.607 ms
PUT /api/contacts/835b8607-cc80-4d0e-834e-99aaf6d0548f 200 114 - 1.914 ms
PUT /api/contacts/5c7c41ea-1389-4b87-b764-08752732018e 200 107 - 18.808 ms
PUT /api/contacts/5c7c41ea-1389-4b87-b764-08752732018e 200 107 - 17.045 ms
PUT /api/contacts/5c7c41ea-1389-4b87-b764-08752732018e 400 28 - 4.144 ms
PUT /api/contacts/5c7c41ea-1389-4b87-b764-08752732018e 200 108 - 3.203 ms
PUT /api/contacts/5c7c41ea-1389-4b87-b764-08752732018 404 23 - 1.470 ms
DELETE /api/contacts/AeHIrLTr6JkxGE6SN-0Rw 200 29 - 6.508 ms
POST /api/contacts 201 116 - 12.002 ms
POST /api/contacts 201 113 - 1.976 ms
POST /api/contacts 400 44 - 1.699 ms
POST /api/contacts 400 28 - 2.168 ms
POST /api/contacts 400 44 - 1.224 ms
POST /api/contacts 201 110 - 1.533 ms
POST /api/contacts 500 38 - 12.880 ms
POST /api/contacts 400 28 - 14.571 ms
POST /api/contacts 400 44 - 3.965 ms
POST /api/contacts 500 38 - 15.474 ms
POST /api/contacts 500 38 - 16.845 ms
POST /api/contacts 400 35 - 12.948 ms
POST /api/contacts 400 35 - 1.626 ms
POST /api/contacts 400 58 - 12.243 ms
POST /api/contacts 400 45 - 2.725 ms
POST /api/contacts 400 44 - 3.733 ms
POST /api/contacts 400 44 - 2.058 ms
POST /api/contacts 400 50 - 15.220 ms
POST /api/contacts 400 35 - 13.478 ms
POST /api/contacts 201 112 - 17.295 ms
POST /api/contacts 400 28 - 2.450 ms
GET /api/contacts/46771fb3-0004-4eaa-8828-f60db4906219 200 112 - 2.127 ms
PUT /api/contacts/5c7c41ea-1389-4b87-b764-08752732018 404 23 - 3.433 ms
PUT /api/contacts/46771fb3-0004-4eaa-8828-f60db4906219 200 115 - 3.437 ms
POST /api/contacts 201 113 - 2.865 ms
POST /api/contacts 400 35 - 3.687 ms
POST /api/contacts 400 58 - 14.301 ms
POST /api/contacts 400 41 - 12.316 ms
POST /api/contacts 400 45 - 12.804 ms
POST /api/contacts 400 51 - 12.438 ms
POST /api/contacts 201 107 - 5.028 ms
POST /api/contacts 400 47 - 1.277 ms
POST /api/contacts 400 51 - 0.927 ms
POST /api/contacts 400 47 - 13.869 ms
POST /api/contacts 201 107 - 5.105 ms
POST /api/contacts 400 44 - 0.980 ms
PUT /api/contacts/46771fb3-0004-4eaa-8828-f60db4906219 400 45 - 13.057 ms
PUT /api/contacts/46771fb3-0004-4eaa-8828-f60db4906219 400 45 - 12.816 ms
PUT /api/contacts/46771fb3-0004-4eaa-8828-f60db4906219 200 114 - 5.393 ms
PUT /api/contacts/46771fb3-0004-4eaa-8828-f60db4906219 400 48 - 2.218 ms
GET /api/contacts 200 1720 - 5.032 ms
PUT /api/contacts/46771fb3-0004-4eaa-8828-f60db4906219 400 48 - 16.441 ms
PUT /api/contacts/46771fb3-0004-4eaa-8828-f60db4906219 404 23 - 2.512 ms
PUT /api/contacts/184a6cb1-9808-4754-890b-7898c144150e 200 126 - 5.123 ms
PUT /api/contacts/184a6cb1-9808-4754-890b-7898c144150e 400 28 - 1.403 ms
POST /api/contacts 201 107 - 5.143 ms
GET /api/contacts 200 1829 - 0.916 ms
DELETE /api/contacts/98507437-b352-47e3-b556-9800a00ceea3 200 29 - 1.369 ms
DELETE /api/contacts/98507437-b352-47e3-b556-9800a00ceea3 404 23 - 1.534 ms
GET /api/contacts 200 1721 - 13.092 ms
GET /api/contacts 500 14 - 4.486 ms
GET /api/contacts 500 126 - 10.755 ms
GET /api/contacts 500 14 - 5.712 ms
GET /api/contacts 500 19 - 4.644 ms
GET /api/contacts 500 35 - 5.037 ms
GET /api/contacts 200 1721 - 5.068 ms
GET /api/contacts 200 - - 3.261 ms
GET /api/contacts 200 - - 1.365 ms
GET /api/contacts 500 35 - 3.938 ms
GET /api/contacts 200 - - 3.646 ms
GET /api/contacts 200 - - 3.841 ms
GET /api/contacts 200 1721 - 4.630 ms
GET /api/contacts 200 1721 - 4.510 ms
GET /api/contacts 500 35 - 5.686 ms
GET /api/contacts 500 35 - 2.112 ms
GET /api/contacts 500 35 - 0.741 ms
GET /api/contacts 200 1721 - 4.342 ms
GET /api/contacts/46771fb3-0004-4eaa-8828-f60db4906219 404 23 - 8.861 ms
GET /api/contacts/184a6cb1-9808-4754-890b-7898c144150e 200 126 - 1.137 ms
GET /api/contacts/184a6cb1- 404 23 - 0.870 ms
GET /api/contacts 200 1721 - 6.029 ms
GET /api/contacts 500 126 - 4.481 ms
GET /api/contacts 200 1721 - 5.116 ms
GET /api/contacts 500 35 - 4.575 ms
GET /api/contacts 500 35 - 4.189 ms
GET /api/contacts 500 35 - 1.331 ms
GET /api/contacts 500 35 - 0.808 ms
GET /api/contacts 500 35 - 1.088 ms
GET /api/contacts 500 35 - 0.816 ms
GET /api/contacts 500 35 - 0.908 ms
GET /api/contacts 200 - - 3.665 ms
GET /api/contacts 200 - - 1.850 ms
GET /api/contacts 200 - - 0.651 ms
GET /api/contacts 200 - - 0.960 ms
GET /api/contacts 200 - - 0.805 ms
GET /api/contacts 200 - - 1.136 ms
GET /api/contacts 200 - - 3.522 ms
GET /api/contacts 200 - - 4.879 ms
GET /api/contacts 200 1721 - 4.577 ms
GET /api/contacts 500 35 - 4.252 ms
GET /api/contacts 500 35 - 2.664 ms
GET /api/contacts 200 1721 - 5.388 ms
GET /api/contacts/184a6cb1- 404 23 - 5.457 ms
GET /api/contacts/184a6cb1- 404 23 - 2.254 ms
GET /api/contacts/184a6cb1- 404 23 - 1.095 ms
GET /api/contacts/184a6cb1- 500 35 - 4.862 ms
GET /api/contacts/184a6cb1-9808-4754-890b-7898c144150e 500 35 - 1.035 ms
GET /api/contacts/184a6cb1-9808-4754-890b-7898c144150e 500 35 - 1.359 ms
GET /api/contacts/184a6cb1-9808-4754-890b-7898c144150e 500 35 - 0.717 ms
GET /api/contacts/184a6cb1-9808-4754-890b-7898c144150e 200 126 - 5.048 ms
GET /api/contacts/184a6cb1-9808-4754-890b-7898c144150e 200 126 - 2.607 ms
GET /api/contacts/184a6cb1-9808-4754-890b-7898c144150 404 23 - 2.046 ms
POST /api/contacts 201 107 - 20.858 ms
POST /api/contacts 201 107 - 4.058 ms
POST /api/contacts 400 43 - 4.366 ms
POST /api/contacts 400 43 - 1.384 ms
POST /api/contacts 400 76 - 2.298 ms
POST /api/contacts 201 107 - 1.715 ms
POST /api/contacts 500 35 - 13.999 ms
POST /api/contacts 500 35 - 4.164 ms
POST /api/contacts 201 107 - 15.164 ms
POST /api/contacts 201 107 - 3.330 ms
POST /api/contacts 201 107 - 2.402 ms
POST /api/contacts 500 35 - 16.999 ms
POST /api/contacts 500 35 - 2.524 ms
POST /api/contacts 201 107 - 13.758 ms
POST /api/contacts 201 107 - 2.805 ms
POST /api/contacts 400 41 - 4.490 ms
POST /api/contacts 400 71 - 1.130 ms
POST /api/contacts 400 101 - 1.581 ms
POST /api/contacts 400 101 - 1.281 ms
POST /api/contacts 400 101 - 2.574 ms
POST /api/contacts 201 107 - 2.012 ms
DELETE /api/contacts/cbc415cd-4b36-412f-8aa3-fe3dffe9c28c 200 29 - 6.896 ms
DELETE /api/contacts/cbc415cd-4b36-412f-8aa3-fe3dffe9c28c 404 23 - 1.856 ms
DELETE /api/contacts/cbc415cd-4b36-412f-8aa3-fe3dffe9c28c 404 23 - 1.309 ms
DELETE /api/contacts/cbc415cd-4b36-412f-8aa3-fe3dffe9c28c 500 35 - 5.359 ms
DELETE /api/contacts/cbc415cd-4b36-412f-8aa3-fe3dffe9c28c 500 35 - 2.275 ms
DELETE /api/contacts/cbc415cd-4b36-412f-8aa3-fe3dffe9c28c 500 35 - 1.362 ms
DELETE /api/contacts/cbc415cd-4b36-412f-8aa3-fe3dffe9c28c 500 35 - 1.052 ms
DELETE /api/contacts/cbc415cd-4b36-412f-8aa3-fe3dffe9c28c 404 23 - 6.099 ms
DELETE /api/contacts/cbc415cd-4b36-412f-8aa3-fe3dffe9c28c 404 23 - 1.576 ms
DELETE /api/contacts/f6b8ff9b-3716-4f0d-871d-196640b937ed 200 29 - 3.469 ms
DELETE /api/contacts/9048daf9-b881-4c93-a62b-a2974329dba9 200 29 - 1.079 ms
PUT /api/contacts/e593ba3d-4a15-4673-82d6-2972a05d9948 500 35 - 15.116 ms
PUT /api/contacts/e593ba3d-4a15-4673-82d6-2972a05d9948 500 50 - 13.945 ms
PUT /api/contacts/e593ba3d-4a15-4673-82d6-2972a05d9948 500 50 - 11.924 ms
PUT /api/contacts/e593ba3d-4a15-4673-82d6-2972a05d9948 500 50 - 4.763 ms
PUT /api/contacts/e593ba3d-4a15-4673-82d6-2972a05d994 500 50 - 2.586 ms
PUT /api/contacts/e593ba3d-4a15-4673-82d6-2972a05d994 500 50 - 16.238 ms
PUT /api/contacts/e593ba3d-4a15-4673-82d6-2972a05d994 404 23 - 17.520 ms
PUT /api/contacts/e593ba3d-4a15-4673-82d6-2972a05d9948 200 126 - 15.459 ms
PUT /api/contacts/e593ba3d-4a15-4673-82d6-2972a05d9948 200 127 - 2.527 ms
PUT /api/contacts/e593ba3d-4a15-4673-82d6-2972a05d9948 400 48 - 4.642 ms
PUT /api/contacts/e593ba3d-4a15-4673-82d6-2972a05d9948 400 48 - 13.669 ms
PUT /api/contacts/e593ba3d-4a15-4673-82d6-2972a05d9948 400 48 - 15.121 ms
PUT /api/contacts/e593ba3d-4a15-4673-82d6-2972a05d9948 400 48 - 13.255 ms
PUT /api/contacts/e593ba3d-4a15-4673-82d6-2972a05d9948 400 34 - 13.411 ms
PUT /api/contacts/e593ba3d-4a15-4673-82d6-2972a05d9948 400 34 - 1.855 ms
PUT /api/contacts/e593ba3d-4a15-4673-82d6-2972a05d9948 200 128 - 4.827 ms
PUT /api/contacts/e593ba3d-4a15-4673-82d6-2972a05d9948 400 45 - 2.277 ms
PUT /api/contacts/e593ba3d-4a15-4673-82d6-2972a05d9948 400 45 - 11.963 ms
POST /api/contacts 201 113 - 5.284 ms
POST /api/contacts 400 58 - 2.013 ms
POST /api/contacts 400 34 - 1.688 ms
POST /api/contacts 400 34 - 32.492 ms
POST /api/contacts 400 34 - 3.590 ms
POST /api/contacts 400 34 - 12.294 ms
POST /api/contacts 400 34 - 14.440 ms
POST /api/contacts 400 41 - 13.452 ms
POST /api/contacts 400 49 - 3.227 ms
POST /api/contacts 400 49 - 17.788 ms
POST /api/contacts 400 49 - 3.373 ms
POST /api/contacts 400 43 - 13.176 ms
POST /api/contacts 400 34 - 11.746 ms
POST /api/contacts 400 41 - 12.519 ms
POST /api/contacts 400 41 - 12.133 ms
POST /api/contacts 400 101 - 3.253 ms
POST /api/contacts 400 101 - 11.441 ms
POST /api/contacts 400 101 - 13.857 ms
POST /api/contacts 400 101 - 11.546 ms
POST /api/contacts 400 101 - 11.403 ms
PUT /api/contacts/e593ba3d-4a15-4673-82d6-2972a05d9948 400 45 - 6.262 ms
PUT /api/contacts/e593ba3d-4a15-4673-82d6-2972a05d9948 200 128 - 3.193 ms
PUT /api/contacts/e593ba3d-4a15-4673-82d6-2972a05d9948 400 34 - 1.350 ms
PUT /api/contacts/e593ba3d-4a15-4673-82d6-2972a05d9948 400 34 - 11.885 ms
PUT /api/contacts/e593ba3d-4a15-4673-82d6-2972a05d9948 200 131 - 4.345 ms
PUT /api/contacts/e593ba3d-4a15-4673-82d6-2972a05d994 404 23 - 12.756 ms
PUT /api/contacts/e593ba3d-4a15-4673-82d6-2972a05d994 500 35 - 12.318 ms
PUT /api/contacts/e593ba3d-4a15-4673-82d6-2972a05d994 404 23 - 13.154 ms
PUT /api/contacts/e593ba3d-4a15-4673-82d6-2972a05d9948 200 131 - 3.988 ms
PUT /api/contacts/e593ba3d-4a15-4673-82d6-2972a05d9948 200 132 - 2.874 ms
[0mGET /api/contacts [32m200[0m 4.203 ms - 2508[0m
[0mGET /api/contacts [32m200[0m 1.395 ms - 2508[0m
::ffff:127.0.0.1 - GET /api/contacts HTTP/1.1 200 2508 - 4.217 ms
::ffff:127.0.0.1 - GET /api/contacts HTTP/1.1 200 2508 - 1.113 ms
::ffff:127.0.0.1 - - [12/Jan/2024:12:32:28 +0000] "GET /api/contacts HTTP/1.1" 200 2508
::ffff:127.0.0.1 - - [12/Jan/2024:12:32:29 +0000] "GET /api/contacts HTTP/1.1" 200 2508
GET /api/contacts 200 2508 - 4.756 ms
GET /api/contacts 200 2508 - 1.866 ms
GET /api/contacts 200 2394 - 5.519 ms
GET /api/contacts 200 2394 - 1.557 ms
GET /api/contacts/184a6cb1-9808-4754-890b-7898c144150 404 23 - 1.757 ms
GET /api/contacts/56e3200c-3fb3-4e4f-9cb3-8af796730693 200 107 - 0.828 ms
POST /api/contacts 201 134 - 17.251 ms
GET /api/contacts 200 2529 - 1.232 ms
DELETE /api/contacts/23b8ecf5-f823-4539-b565-a1b8346ea7d3 200 29 - 2.713 ms
GET /api/contacts 200 2394 - 0.888 ms
PUT /api/contacts/e593ba3d-4a15-4673-82d6-2972a05d9948 200 125 - 2.829 ms
GET /api/contacts 200 2387 - 1.310 ms
GET /api/contactsas 404 30 - 0.876 ms
GET /api/contacts 200 2387 - 0.926 ms
GET /api/contacts 200 2387 - 11.185 ms
GET /api/contacts 200 2387 - 1.601 ms
GET /api/contactss 404 93 - 1.113 ms
GET /api/contactss 404 93 - 2.371 ms
GET /api/contacts 200 2439 - 3.144 ms
GET /api/contacts 200 54 - 112.108 ms
GET /api/contacts 200 54 - 101.675 ms
GET /api/contacts 200 54 - 379.552 ms
GET /api/contacts 200 54 - 141.493 ms
GET /api/contacts 200 54 - 152.092 ms
GET /api/contacts 200 54 - 145.950 ms
GET /api/contacts 200 54 - 59.811 ms
GET /api/contacts 500 95 - 77.446 ms
GET /api/contacts 500 95 - 60.684 ms
GET /api/contacts 200 58 - 110.772 ms
GET /api/contacts 200 1388 - 222.719 ms
GET /api/contacts 200 1384 - 269.186 ms
GET /api/contacts 200 1345 - 275.741 ms
GET /api/contacts 200 1345 - 216.657 ms
GET /api/contacts 200 1332 - 206.969 ms
GET /api/contacts/65a449cad1eace23c951fdd6 200 135 - 86.887 ms
GET /api/contacts/65a449cad1eace23c951fdd 500 127 - 6.420 ms
GET /api/contacts/65a449cad1eace23c951fddf 200 152 - 66.396 ms
GET /api/contacts/65a449cad1eace23c951fdde 200 122 - 88.291 ms
GET /api/contacts/65a449cad1eace23c951fdda 200 131 - 66.273 ms
GET /api/contacts/65a449cad1eace23c951fdd3 404 23 - 128.616 ms
GET /api/contacts/65a449cad1eace23c951fdd3 404 23 - 52.266 ms
GET /api/contacts/65a449cad1eace23c951fdd 500 127 - 3.017 ms
GET /api/contacts/65a449cad1eace23c951fdd 500 127 - 7.302 ms
GET /api/contacts/65a449cad1eace23c951fdd 500 127 - 1.573 ms
GET /api/contacts/65a449cad1eace23c951fddd 200 132 - 99.516 ms
GET /api/contacts/65a449cad1eace23c951fdd5 404 23 - 126.123 ms
GET /api/contacts/65a449cad1eace23c951fdd 500 127 - 1.968 ms
GET /api/contacts/65a449cad1eace23c951fdd 500 127 - 6.482 ms
GET /api/contacts/65a449cad1eace23c951fddd 200 132 - 74.762 ms
GET /api/contacts/65a449cad1eace23c951fdd 500 127 - 2.083 ms
GET /api/contacts/65a449cad1eace23c951fdd 500 127 - 7.830 ms
GET /api/contacts/65a449cad1eace23c951fdd 500 127 - 1.641 ms
GET /api/contacts/65a449cad1eace23c951fdd 500 127 - 6.687 ms
GET /api/contacts/65a449cad1eace23c951fdd 500 127 - 2.145 ms
GET /api/contacts/65a449cad1eace23c951fdd 500 127 - 8.015 ms
GET /api/contacts/65a449cad1eace23c951fddf 500 31 - 3.519 ms
GET /api/contacts/65a449cad1eace23c951fdd 500 31 - 1.405 ms
GET /api/contacts/65a449cad1eace23c951fdd 500 31 - 0.830 ms
GET /api/contacts/65a449cad1eace23c951fdd6 500 31 - 0.635 ms
GET /api/contacts/65a449cad1eace23c951fdd6 500 31 - 0.705 ms
GET /api/contacts/65a449cad1eace23c951fdd6 200 135 - 671.375 ms
GET /api/contacts/65a449cad1eace23c951fdd 500 127 - 11.715 ms
GET /api/contacts/65a449cad1eace23c951fdd 400 29 - 9.323 ms
GET /api/contacts/65a449cad1eace23c951fdd 400 36 - 10.562 ms
GET /api/contacts/65a449cad1eace23c951fdd 400 36 - 1.064 ms
GET /api/contacts/65a449cad1eace23c951fdd3 404 23 - 108.404 ms
GET /api/contacts/65a449cad1eace23c951fdd3 404 23 - 110.369 ms
GET /api/contacts/65a449cad1eace23c951fddr 400 36 - 1.261 ms
GET /api/contacts/65a449cad1eace23c951fddd 200 132 - 104.751 ms
GET /api/contacts/65a449cad1eace23c951fddt 400 36 - 0.665 ms
GET /api/contacts/65a449cad1eace23c951fddt 500 128 - 18.901 ms
GET /api/contacts/65a449cad1eace23c951fddt 400 36 - 6.049 ms
GET /api/contacts/65a449cad1eace23c951fdd7 200 126 - 58.247 ms
GET /api/contacts/65a449cad1eace23c951fdd3 404 23 - 90.779 ms
GET /api/contacts/65a449cad1eace23c951fdd3 404 23 - 127.875 ms
GET /api/contacts/65a449cad1eace23c951fdd6 200 135 - 102.879 ms
POST /api/contacts 201 131 - 112.351 ms
POST /api/contacts 201 201 - 116.274 ms
POST /api/contacts 400 43 - 4.452 ms
POST /api/contacts 201 201 - 95.144 ms
GET /api/contacts 200 1868 - 173.906 ms
DELETE /api/contacts/65a449cad1eace23c951fdda 200 29 - 135.269 ms
DELETE /api/contacts/65a449cad1eace23c951fdda 404 23 - 120.388 ms
DELETE /api/contacts/65a449cad1eace23c951fdd 500 138 - 5.232 ms
DELETE /api/contacts/65a449cad1eace23c951fdd 400 36 - 6.865 ms
DELETE /api/contacts/65a449cad1eace23c951fdd 400 29 - 6.656 ms
DELETE /api/contacts/65a449cad1eace23c951fdd6 200 29 - 136.161 ms
DELETE /api/contacts/65a449cad1eace23c951fdd7 200 29 - 99.728 ms
DELETE /api/contacts/65a449cad1eace23c951fdd7 404 23 - 124.630 ms
GET /api/contacts 200 1341 - 138.330 ms
PUT /api/contacts/65a449cad1eace23c951fdd8 200 138 - 114.417 ms
GET /api/contacts 200 1380 - 134.786 ms
PUT /api/contacts/65a449cad1eace23c951fdd8 400 43 - 3.772 ms
PUT /api/contacts/65a449cad1eace23c951fdd8 400 34 - 2.097 ms
PUT /api/contacts/65a449cad1eace23c951fdd8 400 37 - 21.970 ms
PUT /api/contacts/65a449cad1eace23c951fdd8 200 177 - 72.861 ms
GET /api/contacts 200 1414 - 66.780 ms
GET /api/contacts/65a449cad1eace23c951fdd6 404 23 - 149.813 ms
GET /api/contacts/65a449cad1eace23c951fdd8 200 177 - 60.598 ms
GET /api/contacts/65a449cad1eace23c951fdd 400 29 - 1.275 ms
POST /api/contacts 201 218 - 83.392 ms
POST /api/contacts 201 226 - 109.347 ms
POST /api/contacts 400 91 - 3.218 ms
POST /api/contacts 400 42 - 2.390 ms
POST /api/contacts 500 76 - 36.338 ms
POST /api/contacts 500 73 - 33.715 ms
DELETE /api/contacts/65a449cad1eace23c951fddd 200 29 - 102.969 ms
DELETE /api/contacts/65a449cad1eace23c951fddd 404 23 - 60.369 ms
GET /api/contacts 200 1727 - 158.889 ms
GET /api/contacts/65a449cad1eace23c951fdd8 200 177 - 156.607 ms
GET /api/contacts/65a449cad1eace23c951fdd 500 38 - 2.839 ms
GET /api/contacts/65a449cad1eace23c951fdd 400 29 - 6.570 ms
GET /api/contacts/65a449cad1e 400 29 - 1.403 ms
GET /api/contacts/65a449cad1eace23c951fdd8 200 177 - 124.480 ms
GET /api/contacts/65a449cad1eace23c951fdd8 200 177 - 101.275 ms
GET /api/contacts/65a449cad1eace23c951fdd8f 400 42 - 2.655 ms
GET /api/contacts/65a449cad1eace23c951fdd8f 400 58 - 6.981 ms
GET /api/contacts/65a449cad1eace23c951fdd8 200 177 - 147.540 ms
GET /api/contacts/65a449cad1eace23c951fdd%D1%83 400 58 - 1.133 ms
GET /api/contacts/65a449cad1eace23c951fdd 400 58 - 0.711 ms
GET /api/contacts/65a449cad1eace23c951fdd8 200 177 - 83.786 ms
GET /api/contacts/65a449cad1eace23c951fddf 200 152 - 673.427 ms
GET /api/contacts/65a449cad1eace23c951fdd7 404 23 - 153.677 ms
GET /api/contacts 200 1727 - 110.274 ms
PATCH /api/contacts/65a449cad1eace23c951fdd8 404 46 - 2.754 ms
PATCH /api/contacts/65a449cad1eace23c951fdd8/favorite 404 46 - 1.635 ms
PATCH /api/contacts/65a449cad1eace23c951fdd8/favorite 200 18 - 5.194 ms
PATCH /api/contacts/65a449cad1eace23c951fdd8/favorite 200 18 - 6.734 ms
PATCH /api/contacts/65a449cad1eace23c951fdd8/favorite 200 18 - 1.407 ms
PATCH /api/contacts/65a449cad1eace23c951fdd8/favorite - - - - ms
PATCH /api/contacts/65a449cad1eace23c951fdd8/favorite 200 18 - 5.076 ms
PATCH /api/contacts/65a449cad1eace23c951fdd8/favorite 200 18 - 1.708 ms
PATCH /api/contacts/65a449cad1eace23c951fdd8/favorite 200 18 - 0.776 ms
PATCH /api/contacts/65a449cad1eace23c951fdd8/favorite 200 18 - 5.806 ms
PATCH /api/contacts/65a449cad1eace23c951fdd8/favorite 500 86 - 7.815 ms
PATCH /api/contacts/65a449cad1eace23c951fdd8/favorite 500 86 - 13.049 ms
PATCH /api/contacts/65a449cad1eace23c951fdd8/favorite 500 86 - 7.569 ms
POST /api/contacts 400 91 - 18.421 ms
POST /api/contacts 400 42 - 4.759 ms
PATCH /api/contacts/65a449cad1eace23c951fdd8/favorite 500 86 - 1.259 ms
PATCH /api/contacts/65a449cad1eace23c951fdd8/favorite 500 86 - 1.369 ms
PATCH /api/contacts/65a449cad1eace23c951fdd8/favorite 500 86 - 1.182 ms
PATCH /api/contacts/65a449cad1eace23c951fdd8/favorite 500 86 - 1.068 ms
PATCH /api/contacts/65a449cad1eace23c951fdd8/favorite 500 86 - 1.056 ms
PATCH /api/contacts/65a449cad1eace23c951fdd8/favorite 500 86 - 1.565 ms
PATCH /api/contacts/65a449cad1eace23c951fdd8/favorite 500 86 - 6.936 ms
PATCH /api/contacts/65a449cad1eace23c951fdd8/favorite 500 86 - 1.504 ms
PATCH /api/contacts/65a449cad1eace23c951fdd8/favorite 500 86 - 9.389 ms
PATCH /api/contacts/65a449cad1eace23c951fdd8/favorite 500 86 - 1.830 ms
PATCH /api/contacts/65a449cad1eace23c951fdd8/favorite 400 83 - 23.275 ms
PATCH /api/contacts/65a449cad1eace23c951fdd8/favorite 400 44 - 5.726 ms
PATCH /api/contacts/65a449cad1eace23c951fdd8/favorite 400 38 - 2.610 ms
PATCH /api/contacts/65a449cad1eace23c951fdd8/favorite 400 38 - 20.774 ms
PATCH /api/contacts/65a449cad1eace23c951fdd8/favorite 400 38 - 2.986 ms
PATCH /api/contacts/65a449cad1eace23c951fdd8/favorite 400 38 - 1.866 ms
PATCH /api/contacts/65a449cad1eace23c951fdd8/favorite 400 34 - 23.834 ms
PATCH /api/contacts/65a449cad1eace23c951fdd8/favorite 400 52 - 3.535 ms
PATCH /api/contacts/65a449cad1eace23c951fdd8/favorite 400 40 - 2.753 ms
PATCH /api/contacts/65a449cad1eace23c951fdd8/favorite 200 177 - 181.177 ms
GET /api/contacts 200 1727 - 79.270 ms
PATCH /api/contacts/65a449cad1eace23c951fdd8/favorite 200 177 - 208.075 ms
PATCH /api/contacts/65a449cad1eace23c951fdd8/favorite 200 177 - 272.461 ms
PATCH /api/contacts/65a449cad1eace23c951fdd8/favorite 200 177 - 138.421 ms
PATCH /api/contacts/65a449cad1eace23c951fdd8/favorite 200 177 - 532.091 ms
PATCH /api/contacts/65a449cad1eace23c951fdd8/favorite 200 177 - 248.165 ms
PATCH /api/contacts/65a449cad1eace23c951fdd8/favorite 200 177 - 216.031 ms
PATCH /api/contacts/65a449cad1eace23c951fdd8/favorite 200 177 - 271.479 ms
PATCH /api/contacts/65a449cad1eace23c951fdd8/favorite 200 177 - 287.083 ms
POST /api/contacts 201 202 - 143.981 ms
PUT /api/contacts/65a976995ce703726a4ccb20 200 202 - 107.912 ms
GET /api/contacts 200 1936 - 141.205 ms
POST /api/contacts 201 201 - 93.221 ms
PUT /api/contacts/65a976d15ce703726a4ccb24 200 201 - 163.503 ms
GET /api/contacts 200 2150 - 127.392 ms
PATCH /api/contacts/65a449cad1eace23c951fdd8/favorite 200 176 - 159.247 ms
GET /api/contacts 200 2150 - 96.511 ms
PATCH /api/contacts/65a449cad1eace23c951fdd8/favorite 200 176 - 184.598 ms
PATCH /api/contacts/65a449cad1eace23c951fdd8/favorite 200 177 - 254.192 ms
PATCH /api/contacts/65a449cad1eace23c951fdd8/favorite 200 177 - 165.726 ms
PATCH /api/contacts/65a449cad1eace23c951fdd8/favorite 200 177 - 192.361 ms
PATCH /api/contacts/65a449cad1eace23c951fdd8/favorite 200 176 - 189.746 ms
GET /api/contacts 200 2150 - 116.922 ms
PATCH /api/contacts/65a449cad1eace23c951fdd8/favorite 200 176 - 177.771 ms
GET /api/contacts 200 2151 - 119.118 ms
GET /api/contacts 200 2151 - 83.868 ms
PATCH /api/contacts/65a449cad1eace23c951fdd8/favorite 200 176 - 265.312 ms
GET /api/contacts 200 2150 - 104.724 ms
PATCH /api/contacts/65a449cad1eace23c951fdd8/favorite 200 177 - 169.074 ms
GET /api/contacts 200 2151 - 72.779 ms
PUT /api/contacts/65a976d15ce703726a4ccb24 200 213 - 101.462 ms
PUT /api/contacts/65a976d15ce703726a4ccb24 200 222 - 131.367 ms
PATCH /api/contacts/65a449cad1eace23c951fdd/favorite 400 58 - 20.874 ms
PATCH /api/contacts/65a449cad1eace23c951fdd4/favorite 404 23 - 162.648 ms
PATCH /api/contacts/65a449cad1eace23c951fdd/favorite 400 58 - 1.487 ms
PATCH /api/contacts/65a449cad1eace23c951fdd8/favorite 200 176 - 187.574 ms
PATCH /api/contacts/65a449cad1eace23c951fdd8/favorite 200 177 - 212.824 ms
POST /api/contacts 201 200 - 66.688 ms
PATCH /api/contacts/65a97afff8f3518b63c9d4cb/favorite 200 199 - 153.866 ms
POST /api/contacts 500 119 - 83.755 ms
POST /api/contacts 201 198 - 114.499 ms
PUT /api/contacts/65a449cad1eace23c951fdd8 200 175 - 128.646 ms
